Arguments: 
  /Users/saharshsamir/.nvm/versions/node/v16.13.2/bin/node /opt/homebrew/Cellar/yarn/1.22.19/libexec/bin/yarn.js init

PATH: 
  opt/homebrew/opt/flex/bin:/Users/saharshsamir/.yarn/bin:/opt/homebrew/bin:/Users/saharshsamir/.nvm/versions/node/v16.13.2/bin:/Users/saharshsamir/bin:/usr/local/bin:/Library/Frameworks/Python.framework/Versions/3.10/bin:/usr/local/bin:/usr/bin:/bin:/usr/sbin:/sbin:/usr/bin/nasm:/Applications/VMware Fusion Tech Preview.app/Contents/Public:/Library/Apple/usr/bin:/Applications/Wireshark.app/Contents/MacOS:/Applications/Postgres.app/Contents/Versions/latest/bin:opt/homebrew/opt/flex/bin:/Users/saharshsamir/opt/anaconda3/condabin:/Users/saharshsamir/.yarn/bin:/opt/homebrew/bin:/Users/saharshsamir/bin:/Library/Frameworks/Python.framework/Versions/3.10/bin:/Users/saharshsamir/.cargo/bin:/Users/saharshsamir/scripts:/Users/saharshsamir/.local/bin:/Users/saharshsamir/.local/share/nvim/lsp_servers:/Users/saharshsamir/scripts:/Users/saharshsamir/.local/bin:/Users/saharshsamir/.local/share/nvim/lsp_servers

Yarn version: 
  1.22.19

Node version: 
  16.13.2

Platform: 
  darwin arm64

Trace: 
  Error: canceled
      at Interface.<anonymous> (/opt/homebrew/Cellar/yarn/1.22.19/libexec/lib/cli.js:137150:13)
      at Interface.emit (node:events:390:28)
      at Interface._ttyWrite (node:readline:1081:16)
      at ReadStream.onkeypress (node:readline:288:10)
      at ReadStream.emit (node:events:390:28)
      at emitKeys (node:internal/readline/utils:358:14)
      at emitKeys.next (<anonymous>)
      at ReadStream.onData (node:internal/readline/emitKeypressEvents:61:36)
      at ReadStream.emit (node:events:390:28)
      at addChunk (node:internal/streams/readable:315:12)

npm manifest: 
  No manifest

yarn manifest: 
  No manifest

Lockfile: 
  No lockfile
